<?xml version="1.0" encoding="UTF-8"?>
<!-- Generated by org.testng.reporters.JUnitReportReporter -->
<testsuite hostname="DESKTOP-AC1JVN3" failures="0" tests="1" name="com.qa.testcases.HyliteLoginTest" time="8.685" errors="0" timestamp="2022-11-15T11:32:28 IST" skipped="0">
  <testcase classname="com.qa.testcases.HyliteLoginTest" name="isHyliteLogin" time="8.685"/>
  <system-out/>
</testsuite> <!-- com.qa.testcases.HyliteLoginTest -->
