<?xml version="1.0" encoding="UTF-8"?>
<!-- Generated by org.testng.reporters.JUnitReportReporter -->
<testsuite hostname="DESKTOP-AC1JVN3" failures="0" tests="1" name="com.qa.testcases.HomepageTest" time="5.789" errors="0" timestamp="2022-11-04T15:31:35 IST" skipped="0">
  <testcase classname="com.qa.testcases.HomepageTest" name="verifyHomepageTitleTest" time="5.789"/>
  <system-out/>
</testsuite> <!-- com.qa.testcases.HomepageTest -->
