<?xml version="1.0" encoding="UTF-8"?>
<!-- Generated by org.testng.reporters.JUnitReportReporter -->
<testsuite hostname="DESKTOP-AC1JVN3" failures="0" tests="2" name="com.qa.testcases.UserSessionTest" time="13.796" errors="0" timestamp="2022-11-15T11:32:28 IST" skipped="0">
  <testcase classname="com.qa.testcases.UserSessionTest" name="isConnectedToDesktop" time="6.131"/>
  <system-out/>
  <testcase classname="com.qa.testcases.UserSessionTest" name="isActiveUserSession" time="7.665"/>
  <system-out/>
</testsuite> <!-- com.qa.testcases.UserSessionTest -->
